app/build/intermediates/manifest_merge_blame_file/debug/manifest-merger-blame-debug-report.txt
1<?xml version="1.0" encoding="utf-8"?>
2<manifest xmlns:android="http://schemas.android.com/apk/res/android"
3    package="com.infertux.nfcexplorer"
4    android:versionCode="3"
5    android:versionName="1.3" >
6
7    <uses-sdk
8        android:minSdkVersion="28"
8-->src/main/AndroidManifest.xml
9        android:targetSdkVersion="28" />
9-->src/main/AndroidManifest.xml
10
11    <uses-permission android:name="android.permission.NFC" />
11-->src/main/AndroidManifest.xml:5:5-62
11-->src/main/AndroidManifest.xml:5:22-59
12
13    <uses-feature
13-->src/main/AndroidManifest.xml:7:5-9:35
14        android:name="android.hardware.nfc"
14-->src/main/AndroidManifest.xml:8:9-44
15        android:required="true" />
15-->src/main/AndroidManifest.xml:9:9-32
16
17    <application
17-->src/main/AndroidManifest.xml:11:5-34:19
18        android:allowBackup="true"
18-->src/main/AndroidManifest.xml:12:9-35
19        android:appComponentFactory="android.support.v4.app.CoreComponentFactory"
19-->[com.android.support:support-compat:28.0.0] AndroidManifest.xml:22:18-91
20        android:debuggable="true"
21        android:extractNativeLibs="false"
22        android:icon="@mipmap/ic_launcher"
22-->src/main/AndroidManifest.xml:13:9-43
23        android:label="@string/app_name"
23-->src/main/AndroidManifest.xml:14:9-41
24        android:supportsRtl="true"
24-->src/main/AndroidManifest.xml:15:9-35
25        android:testOnly="true"
26        android:theme="@style/AppTheme" >
26-->src/main/AndroidManifest.xml:16:9-40
27        <activity
27-->src/main/AndroidManifest.xml:17:9-23:20
28            android:name="com.infertux.nfcexplorer.InputActivity"
28-->src/main/AndroidManifest.xml:18:13-42
29            android:exported="false" >
29-->src/main/AndroidManifest.xml:19:13-37
30            <meta-data
30-->src/main/AndroidManifest.xml:20:13-22:36
31                android:name="android.app.lib_name"
31-->src/main/AndroidManifest.xml:21:17-52
32                android:value="" />
32-->src/main/AndroidManifest.xml:22:17-33
33        </activity>
34        <activity
34-->src/main/AndroidManifest.xml:24:9-33:20
35            android:name="com.infertux.nfcexplorer.MainActivity"
35-->src/main/AndroidManifest.xml:25:13-41
36            android:label="@string/app_name"
36-->src/main/AndroidManifest.xml:26:13-45
37            android:theme="@style/AppTheme" >
37-->src/main/AndroidManifest.xml:27:13-44
38            <intent-filter>
38-->src/main/AndroidManifest.xml:28:13-32:29
39                <action android:name="android.intent.action.MAIN" />
39-->src/main/AndroidManifest.xml:29:17-69
39-->src/main/AndroidManifest.xml:29:25-66
40
41                <category android:name="android.intent.category.LAUNCHER" />
41-->src/main/AndroidManifest.xml:31:17-77
41-->src/main/AndroidManifest.xml:31:27-74
42            </intent-filter>
43        </activity>
44    </application>
45
46</manifest>